Flutter crash report.
Please report a bug at https://github.com/flutter/flutter/issues.

## command

flutter create --org com.vms mobile_app

## exception

ProcessPackageException: ProcessException: Failed to find "C:\Program Files\Java\jdk-17
\bin\java" in the search path.
  Command: C:\Program Files\Java\jdk-17
\bin\java 

```
#0      LocalProcessManager.runSync (package:process/src/interface/local_process_manager.dart:118:7)
#1      ErrorHandlingProcessManager.runSync.<anonymous closure> (package:flutter_tools/src/base/error_handling_io.dart:714:24)
#2      _runSync (package:flutter_tools/src/base/error_handling_io.dart:590:14)
#3      ErrorHandlingProcessManager.runSync (package:flutter_tools/src/base/error_handling_io.dart:713:12)
#4      _DefaultProcessUtils.runSync (package:flutter_tools/src/base/process.dart:377:51)
#5      Java.version.<anonymous closure> (package:flutter_tools/src/android/java.dart:139:44)
#6      Java.version (package:flutter_tools/src/android/java.dart:179:5)
#7      Java.version (package:flutter_tools/src/android/java.dart)
#8      CreateCommand.runCommand (package:flutter_tools/src/commands/create.dart:510:41)
<asynchronous suspension>
#9      FlutterCommand.run.<anonymous closure> (package:flutter_tools/src/runner/flutter_command.dart:1350:27)
<asynchronous suspension>
#10     AppContext.run.<anonymous closure> (package:flutter_tools/src/base/context.dart:150:19)
<asynchronous suspension>
#11     CommandRunner.runCommand (package:args/command_runner.dart:212:13)
<asynchronous suspension>
#12     FlutterCommandRunner.runCommand.<anonymous closure> (package:flutter_tools/src/runner/flutter_command_runner.dart:348:9)
<asynchronous suspension>
#13     AppContext.run.<anonymous closure> (package:flutter_tools/src/base/context.dart:150:19)
<asynchronous suspension>
#14     FlutterCommandRunner.runCommand (package:flutter_tools/src/runner/flutter_command_runner.dart:294:5)
<asynchronous suspension>
#15     run.<anonymous closure>.<anonymous closure> (package:flutter_tools/runner.dart:112:9)
<asynchronous suspension>
#16     AppContext.run.<anonymous closure> (package:flutter_tools/src/base/context.dart:150:19)
<asynchronous suspension>
#17     main (package:flutter_tools/executable.dart:90:3)
<asynchronous suspension>
```

## flutter doctor

```
[32m[✓][39m Flutter (Channel
    stable, 3.16.0, on
    Microsoft Windows
    [Version
    10.0.26200.8037],
    locale en-US)
    [32m•[39m Flutter version
      3.16.0 on channel
      stable at
      D:\dev\flutter
    [32m•[39m Upstream
      repository
      https://github.com
      /flutter/flutter.g
      it
    [32m•[39m Framework revision
      db7ef5bf9f (2
      years, 4 months
      ago), 2023-11-15
      11:25:44 -0800
    [32m•[39m Engine revision
      74d16627b9
    [32m•[39m Dart version 3.2.0
    [32m•[39m DevTools version
      2.28.2

[32m[✓][39m Windows Version
    (Installed version
    of Windows is
    version 10 or
    higher)

[33m[!][39m Android toolchain -
    develop for Android
    devices (Android SDK
    version 33.0.2)
    [32m•[39m Android SDK at
      C:\Android\Sdk
    [32m•[39m Platform
      android-33,
      build-tools 33.0.2
    [32m•[39m ANDROID_SDK_ROOT =
      C:\Android\Sdk
    [32m•[39m Java binary at:
      C:\Program
      Files\Java\jdk-17
      \bin\java
    [31m✗[39m Cannot execute
      C:\Program
      Files\Java\jdk-17
      \bin\java to
      determine the
      version

[32m[✓][39m Chrome - develop for
    the web
    [32m•[39m Chrome at
      C:\Program
      Files\Google\Chrom
      e\Application\chro
      me.exe

[33m[!][39m Visual Studio -
    develop Windows apps
    (SQL Server
    Management Studio 22
    22.0.0 Preview 2.0)
    [32m•[39m Visual Studio at
      D:\Installation\ss
      ms
    [32m•[39m SQL Server
      Management Studio
      22 version
      22.0.11018.127
    [32m•[39m The current Visual
      Studio
      installation is a
      pre-release
      version. It may
      not be supported
      by Flutter yet.
    [31m✗[39m The current Visual
      Studio
      installation is
      incomplete.
      Please use Visual
      Studio Installer
      to complete the
      installation or
      reinstall Visual
      Studio.

[33m[!][39m Android Studio (not
    installed)
    [32m•[39m Android Studio not
      found; download
      from
      https://developer.
      android.com/studio
      /index.html
      (or visit
      https://flutter.de
      v/docs/get-started
      /install/windows#a
      ndroid-setup for
      detailed
      instructions).

[32m[✓][39m VS Code (version
    1.106.2)
    [32m•[39m VS Code at
      C:\Users\Ramireddy
      Induri\AppData\Loc
      al\Programs\Micros
      oft VS Code
    [32m•[39m Flutter extension
      version 3.122.0

[32m[✓][39m Connected device (3
    available)
    [32m•[39m Windows (desktop)
      • windows •
      windows-x64    •
      Microsoft Windows
      [Version
      10.0.26200.8037]
    [32m•[39m Chrome (web)
      • chrome  •
      web-javascript •
      Google Chrome
      146.0.7680.80
    [32m•[39m Edge (web)
      • edge    •
      web-javascript •
      Microsoft Edge
      145.0.3800.97

[32m[✓][39m Network resources
    [32m•[39m All expected
      network resources
      are available.

[33m![39m Doctor found issues in
  3 categories.
```
